<?xml version="1.0" encoding="UTF-8"?>
<testsuite xmlns:xsi="http://www.w3.org/2001/XMLSchema-instance" xsi:noNamespaceSchemaLocation="https://maven.apache.org/surefire/maven-surefire-plugin/xsd/surefire-test-report-3.0.xsd" version="3.0" name="com.jaspring.ApiGatewayApplicationTests" time="9.878" tests="1" errors="0" skipped="0" failures="0">
  <properties>
[...]
</properties>
  <testcase name="contextLoads" classname="com.jaspring.ApiGatewayApplicationTests" time="1.383">
    <system-out><![CDATA[20:46:16.344 [main] INFO org.springframework.test.context.support.AnnotationConfigContextLoaderUtils -- Could not detect default configuration classes for test class [com.jaspring.ApiGatewayApplicationTests]: ApiGatewayApplicationTests does not declare any static, non-private, non-final, nested classes annotated with @Configuration.
20:46:16.552 [main] INFO org.springframework.boot.test.context.SpringBootTestContextBootstrapper -- Found @SpringBootConfiguration com.jaspring.ApiGatewayApplication for test class com.jaspring.ApiGatewayApplicationTests

  .   ____          _            __ _ _
 /\\ / ___'_ __ _ _(_)_ __  __ _ \ \ \ \
( ( )\___ | '_ | '_| | '_ \/ _` | \ \ \ \
 \\/  ___)| |_)| | | | | || (_| |  ) ) ) )
  '  |____| .__|_| |_|_| |_\__, | / / / /
 =========|_|==============|___/=/_/_/_/
 :: Spring Boot ::                (v3.1.2)

2023-08-21T20:46:17.551+05:30  INFO 26716 --- [           main] c.jaspring.ApiGatewayApplicationTests    : Starting ApiGatewayApplicationTests using Java 17.0.1 with PID 26716 (started by ankit in C:\Users\ankit\Downloads\Microservices\API-Gateway)
2023-08-21T20:46:17.553+05:30  INFO 26716 --- [           main] c.jaspring.ApiGatewayApplicationTests    : No active profile set, falling back to 1 default profile: "default"
2023-08-21T20:46:19.716+05:30  INFO 26716 --- [           main] o.s.cloud.context.scope.GenericScope     : BeanFactory id=02859db5-995f-3bc8-aa8e-66332deff1c8
2023-08-21T20:46:19.875+05:30  INFO 26716 --- [           main] trationDelegate$BeanPostProcessorChecker : Bean 'org.springframework.cloud.client.loadbalancer.reactive.LoadBalancerBeanPostProcessorAutoConfiguration' of type [org.springframework.cloud.client.loadbalancer.reactive.LoadBalancerBeanPostProcessorAutoConfiguration] is not eligible for getting processed by all BeanPostProcessors (for example: not eligible for auto-proxying)
2023-08-21T20:46:19.877+05:30  INFO 26716 --- [           main] trationDelegate$BeanPostProcessorChecker : Bean 'org.springframework.cloud.client.loadbalancer.reactive.LoadBalancerBeanPostProcessorAutoConfiguration$ReactorDeferringLoadBalancerFilterConfig' of type [org.springframework.cloud.client.loadbalancer.reactive.LoadBalancerBeanPostProcessorAutoConfiguration$ReactorDeferringLoadBalancerFilterConfig] is not eligible for getting processed by all BeanPostProcessors (for example: not eligible for auto-proxying)
2023-08-21T20:46:19.880+05:30  INFO 26716 --- [           main] trationDelegate$BeanPostProcessorChecker : Bean 'reactorDeferringLoadBalancerExchangeFilterFunction' of type [org.springframework.cloud.client.loadbalancer.reactive.DeferringLoadBalancerExchangeFilterFunction] is not eligible for getting processed by all BeanPostProcessors (for example: not eligible for auto-proxying)
2023-08-21T20:46:21.500+05:30  INFO 26716 --- [           main] o.s.c.g.r.RouteDefinitionRouteLocator    : Loaded RoutePredicateFactory [After]
2023-08-21T20:46:21.501+05:30  INFO 26716 --- [           main] o.s.c.g.r.RouteDefinitionRouteLocator    : Loaded RoutePredicateFactory [Before]
2023-08-21T20:46:21.501+05:30  INFO 26716 --- [           main] o.s.c.g.r.RouteDefinitionRouteLocator    : Loaded RoutePredicateFactory [Between]
2023-08-21T20:46:21.501+05:30  INFO 26716 --- [           main] o.s.c.g.r.RouteDefinitionRouteLocator    : Loaded RoutePredicateFactory [Cookie]
2023-08-21T20:46:21.501+05:30  INFO 26716 --- [           main] o.s.c.g.r.RouteDefinitionRouteLocator    : Loaded RoutePredicateFactory [Header]
2023-08-21T20:46:21.501+05:30  INFO 26716 --- [           main] o.s.c.g.r.RouteDefinitionRouteLocator    : Loaded RoutePredicateFactory [Host]
2023-08-21T20:46:21.501+05:30  INFO 26716 --- [           main] o.s.c.g.r.RouteDefinitionRouteLocator    : Loaded RoutePredicateFactory [Method]
2023-08-21T20:46:21.501+05:30  INFO 26716 --- [           main] o.s.c.g.r.RouteDefinitionRouteLocator    : Loaded RoutePredicateFactory [Path]
2023-08-21T20:46:21.501+05:30  INFO 26716 --- [           main] o.s.c.g.r.RouteDefinitionRouteLocator    : Loaded RoutePredicateFactory [Query]
2023-08-21T20:46:21.502+05:30  INFO 26716 --- [           main] o.s.c.g.r.RouteDefinitionRouteLocator    : Loaded RoutePredicateFactory [ReadBody]
2023-08-21T20:46:21.502+05:30  INFO 26716 --- [           main] o.s.c.g.r.RouteDefinitionRouteLocator    : Loaded RoutePredicateFactory [RemoteAddr]
2023-08-21T20:46:21.502+05:30  INFO 26716 --- [           main] o.s.c.g.r.RouteDefinitionRouteLocator    : Loaded RoutePredicateFactory [XForwardedRemoteAddr]
2023-08-21T20:46:21.502+05:30  INFO 26716 --- [           main] o.s.c.g.r.RouteDefinitionRouteLocator    : Loaded RoutePredicateFactory [Weight]
2023-08-21T20:46:21.502+05:30  INFO 26716 --- [           main] o.s.c.g.r.RouteDefinitionRouteLocator    : Loaded RoutePredicateFactory [CloudFoundryRouteService]
2023-08-21T20:46:22.278+05:30  INFO 26716 --- [           main] o.s.b.a.e.web.EndpointLinksResolver      : Exposing 1 endpoint(s) beneath base path '/actuator'
2023-08-21T20:46:23.145+05:30  INFO 26716 --- [           main] DiscoveryClientOptionalArgsConfiguration : Eureka HTTP Client uses RestTemplate.
2023-08-21T20:46:23.208+05:30  WARN 26716 --- [           main] iguration$LoadBalancerCaffeineWarnLogger : Spring Cloud LoadBalancer is currently working with the default cache. While this cache implementation is useful for development and tests, it's recommended to use Caffeine cache in production.You can switch to using Caffeine cache, by adding it and org.springframework.cache.caffeine.CaffeineCacheManager to the classpath.
2023-08-21T20:46:23.287+05:30  INFO 26716 --- [           main] o.s.c.n.eureka.InstanceInfoFactory       : Setting initial instance status as: STARTING
2023-08-21T20:46:23.517+05:30  INFO 26716 --- [           main] com.netflix.discovery.DiscoveryClient    : Initializing Eureka in region us-east-1
2023-08-21T20:46:23.625+05:30  INFO 26716 --- [           main] c.n.d.s.r.aws.ConfigClusterResolver      : Resolving eureka endpoints via configuration
2023-08-21T20:46:23.681+05:30  INFO 26716 --- [           main] com.netflix.discovery.DiscoveryClient    : Disable delta property : false
2023-08-21T20:46:23.681+05:30  INFO 26716 --- [           main] com.netflix.discovery.DiscoveryClient    : Single vip registry refresh property : null
2023-08-21T20:46:23.681+05:30  INFO 26716 --- [           main] com.netflix.discovery.DiscoveryClient    : Force full registry fetch : false
2023-08-21T20:46:23.681+05:30  INFO 26716 --- [           main] com.netflix.discovery.DiscoveryClient    : Application is null : false
2023-08-21T20:46:23.681+05:30  INFO 26716 --- [           main] com.netflix.discovery.DiscoveryClient    : Registered Applications size is zero : true
2023-08-21T20:46:23.681+05:30  INFO 26716 --- [           main] com.netflix.discovery.DiscoveryClient    : Application version is -1: true
2023-08-21T20:46:23.682+05:30  INFO 26716 --- [           main] com.netflix.discovery.DiscoveryClient    : Getting all instance registry info from the eureka server
2023-08-21T20:46:24.374+05:30  INFO 26716 --- [           main] com.netflix.discovery.DiscoveryClient    : The response status is 200
2023-08-21T20:46:24.377+05:30  INFO 26716 --- [           main] com.netflix.discovery.DiscoveryClient    : Starting heartbeat executor: renew interval is: 30
2023-08-21T20:46:24.380+05:30  INFO 26716 --- [           main] c.n.discovery.InstanceInfoReplicator     : InstanceInfoReplicator onDemand update allowed rate per min is 4
2023-08-21T20:46:24.403+05:30  INFO 26716 --- [           main] com.netflix.discovery.DiscoveryClient    : Discovery Client initialized at timestamp 1692630984388 with initial instances count: 2
2023-08-21T20:46:24.412+05:30  INFO 26716 --- [           main] o.s.c.n.e.s.EurekaServiceRegistry        : Registering application API-GATEWAY with eureka with status UP
2023-08-21T20:46:24.414+05:30  INFO 26716 --- [           main] com.netflix.discovery.DiscoveryClient    : Saw local status change event StatusChangeEvent [timestamp=1692630984413, current=UP, previous=STARTING]
2023-08-21T20:46:24.418+05:30  INFO 26716 --- [nfoReplicator-0] com.netflix.discovery.DiscoveryClient    : DiscoveryClient_API-GATEWAY/Ankit:Api-Gateway:8443: registering service...
2023-08-21T20:46:24.504+05:30  INFO 26716 --- [nfoReplicator-0] com.netflix.discovery.DiscoveryClient    : DiscoveryClient_API-GATEWAY/Ankit:Api-Gateway:8443 - registration status: 204
2023-08-21T20:46:24.572+05:30  INFO 26716 --- [           main] c.jaspring.ApiGatewayApplicationTests    : Started ApiGatewayApplicationTests in 7.669 seconds (process running for 9.42)
]]></system-out>
  </testcase>
</testsuite>